<?xml version="1.0" encoding="UTF-8"?>
<robot generator="Robot 7.2 (Python 3.11.5 on win32)" generated="2025-01-31T21:43:47.936083" rpa="false" schemaversion="5">
<suite id="s1" name="Test-Calculate" source="D:\Documents\01_Study_Files\SDPX\Docker_assignment\testing\test-calculate.robot">
<test id="s1-t1" name="Test Calculate Numbers 4 and 2 (ฺBefore Using Keywords)" line="19">
<kw name="GET" owner="RequestsLibrary">
<msg time="2025-01-31T21:43:48.372235" level="INFO">GET Request : url=http://127.0.0.1:5000/calculate/4/2 
 path_url=/calculate/4/2 
 headers={'User-Agent': 'python-requests/2.32.3', 'Accept-Encoding': 'gzip, deflate', 'Accept': '*/*', 'Connection': 'keep-alive'} 
 body=None 
 </msg>
<msg time="2025-01-31T21:43:48.372235" level="INFO">GET Response : url=http://127.0.0.1:5000/calculate/4/2 
 status=200, reason=OK 
 headers={'Server': 'Werkzeug/3.1.3 Python/3.11.5', 'Date': 'Fri, 31 Jan 2025 14:43:48 GMT', 'Content-Type': 'application/json', 'Content-Length': '47', 'Connection': 'close'} 
 body={"divide":2.0,"minus":2,"multiply":8,"plus":6}
 
 </msg>
<msg time="2025-01-31T21:43:48.372235" level="INFO">${resp} = &lt;Response [200]&gt;</msg>
<var>${resp}</var>
<arg>http://127.0.0.1:5000/calculate/4/2</arg>
<doc>Sends a GET request.</doc>
<status status="PASS" start="2025-01-31T21:43:48.366047" elapsed="0.006188"/>
</kw>
<kw name="Should Be Equal" owner="BuiltIn">
<arg>${resp.status_code}</arg>
<arg>${200}</arg>
<doc>Fails if the given objects are unequal.</doc>
<status status="PASS" start="2025-01-31T21:43:48.373241" elapsed="0.001001"/>
</kw>
<kw name="Set Variable" owner="BuiltIn">
<msg time="2025-01-31T21:43:48.374242" level="INFO">${json_resp} = {'divide': 2.0, 'minus': 2, 'multiply': 8, 'plus': 6}</msg>
<var>${json_resp}</var>
<arg>${resp.json()}</arg>
<doc>Returns the given values which can then be assigned to a variables.</doc>
<status status="PASS" start="2025-01-31T21:43:48.374242" elapsed="0.000000"/>
</kw>
<kw name="Should Be Equal" owner="BuiltIn">
<arg>${json_resp['plus']}</arg>
<arg>${6}</arg>
<doc>Fails if the given objects are unequal.</doc>
<status status="PASS" start="2025-01-31T21:43:48.375248" elapsed="0.000000"/>
</kw>
<kw name="Should Be Equal" owner="BuiltIn">
<arg>${json_resp['minus']}</arg>
<arg>${2}</arg>
<doc>Fails if the given objects are unequal.</doc>
<status status="PASS" start="2025-01-31T21:43:48.375248" elapsed="0.001104"/>
</kw>
<kw name="Should Be Equal" owner="BuiltIn">
<arg>${json_resp['multiply']}</arg>
<arg>${8}</arg>
<doc>Fails if the given objects are unequal.</doc>
<status status="PASS" start="2025-01-31T21:43:48.376352" elapsed="0.000000"/>
</kw>
<kw name="Should Be Equal" owner="BuiltIn">
<msg time="2025-01-31T21:43:48.377835" level="INFO">Argument types are:
&lt;class 'float'&gt;
&lt;class 'int'&gt;</msg>
<arg>${json_resp['divide']}</arg>
<arg>${2}</arg>
<doc>Fails if the given objects are unequal.</doc>
<status status="PASS" start="2025-01-31T21:43:48.376352" elapsed="0.001483"/>
</kw>
<status status="PASS" start="2025-01-31T21:43:48.363994" elapsed="0.013841"/>
</test>
<test id="s1-t2" name="Test Calculate Numbers 8.4 and 4 (ฺBefore Using Keywords)" line="42">
<kw name="GET" owner="RequestsLibrary">
<msg time="2025-01-31T21:43:48.383592" level="INFO">GET Request : url=http://127.0.0.1:5000/calculate/8.4/4 
 path_url=/calculate/8.4/4 
 headers={'User-Agent': 'python-requests/2.32.3', 'Accept-Encoding': 'gzip, deflate', 'Accept': '*/*', 'Connection': 'keep-alive'} 
 body=None 
 </msg>
<msg time="2025-01-31T21:43:48.383592" level="INFO">GET Response : url=http://127.0.0.1:5000/calculate/8.4/4 
 status=200, reason=OK 
 headers={'Server': 'Werkzeug/3.1.3 Python/3.11.5', 'Date': 'Fri, 31 Jan 2025 14:43:48 GMT', 'Content-Type': 'application/json', 'Content-Length': '55', 'Connection': 'close'} 
 body={"divide":2.1,"minus":4.4,"multiply":33.6,"plus":12.4}
 
 </msg>
<msg time="2025-01-31T21:43:48.383592" level="INFO">${resp} = &lt;Response [200]&gt;</msg>
<var>${resp}</var>
<arg>http://127.0.0.1:5000/calculate/8.4/4</arg>
<doc>Sends a GET request.</doc>
<status status="PASS" start="2025-01-31T21:43:48.378848" elapsed="0.004744"/>
</kw>
<kw name="Should Be Equal" owner="BuiltIn">
<arg>${resp.status_code}</arg>
<arg>${200}</arg>
<doc>Fails if the given objects are unequal.</doc>
<status status="PASS" start="2025-01-31T21:43:48.385005" elapsed="0.000000"/>
</kw>
<kw name="Set Variable" owner="BuiltIn">
<msg time="2025-01-31T21:43:48.386015" level="INFO">${json_resp} = {'divide': 2.1, 'minus': 4.4, 'multiply': 33.6, 'plus': 12.4}</msg>
<var>${json_resp}</var>
<arg>${resp.json()}</arg>
<doc>Returns the given values which can then be assigned to a variables.</doc>
<status status="PASS" start="2025-01-31T21:43:48.386015" elapsed="0.000000"/>
</kw>
<kw name="Should Be Equal" owner="BuiltIn">
<arg>${json_resp['plus']}</arg>
<arg>${12.4}</arg>
<doc>Fails if the given objects are unequal.</doc>
<status status="PASS" start="2025-01-31T21:43:48.387014" elapsed="0.000000"/>
</kw>
<kw name="Should Be Equal" owner="BuiltIn">
<arg>${json_resp['minus']}</arg>
<arg>${4.4}</arg>
<doc>Fails if the given objects are unequal.</doc>
<status status="PASS" start="2025-01-31T21:43:48.388015" elapsed="0.000000"/>
</kw>
<kw name="Should Be Equal" owner="BuiltIn">
<arg>${json_resp['multiply']}</arg>
<arg>${33.6}</arg>
<doc>Fails if the given objects are unequal.</doc>
<status status="PASS" start="2025-01-31T21:43:48.388015" elapsed="0.001001"/>
</kw>
<kw name="Should Be Equal" owner="BuiltIn">
<arg>${json_resp['divide']}</arg>
<arg>${2.1}</arg>
<doc>Fails if the given objects are unequal.</doc>
<status status="PASS" start="2025-01-31T21:43:48.389016" elapsed="0.000000"/>
</kw>
<status status="PASS" start="2025-01-31T21:43:48.377835" elapsed="0.012690"/>
</test>
<test id="s1-t3" name="Test Calculate Numbers 4 and 2" line="65">
<kw name="Get Calculation JSON">
<kw name="GET" owner="RequestsLibrary">
<msg time="2025-01-31T21:43:48.400313" level="INFO">GET Request : url=http://127.0.0.1:5000/calculate/4/2 
 path_url=/calculate/4/2 
 headers={'User-Agent': 'python-requests/2.32.3', 'Accept-Encoding': 'gzip, deflate', 'Accept': '*/*', 'Connection': 'keep-alive'} 
 body=None 
 </msg>
<msg time="2025-01-31T21:43:48.400313" level="INFO">GET Response : url=http://127.0.0.1:5000/calculate/4/2 
 status=200, reason=OK 
 headers={'Server': 'Werkzeug/3.1.3 Python/3.11.5', 'Date': 'Fri, 31 Jan 2025 14:43:48 GMT', 'Content-Type': 'application/json', 'Content-Length': '47', 'Connection': 'close'} 
 body={"divide":2.0,"minus":2,"multiply":8,"plus":6}
 
 </msg>
<msg time="2025-01-31T21:43:48.400313" level="INFO">${resp} = &lt;Response [200]&gt;</msg>
<var>${resp}</var>
<arg>http://127.0.0.1:5000/calculate/${num1}/${num2}</arg>
<doc>Sends a GET request.</doc>
<status status="PASS" start="2025-01-31T21:43:48.393097" elapsed="0.008229"/>
</kw>
<kw name="Should Be Equal" owner="BuiltIn">
<arg>${resp.status_code}</arg>
<arg>${200}</arg>
<doc>Fails if the given objects are unequal.</doc>
<status status="PASS" start="2025-01-31T21:43:48.401836" elapsed="0.001011"/>
</kw>
<return>
<value>${resp.json()}</value>
<status status="PASS" start="2025-01-31T21:43:48.402847" elapsed="0.000000"/>
</return>
<msg time="2025-01-31T21:43:48.402847" level="INFO">${json_resp} = {'divide': 2.0, 'minus': 2, 'multiply': 8, 'plus': 6}</msg>
<var>${json_resp}</var>
<arg>${4}</arg>
<arg>${2}</arg>
<status status="PASS" start="2025-01-31T21:43:48.392155" elapsed="0.011694"/>
</kw>
<kw name="Should Be Equal" owner="BuiltIn">
<arg>${json_resp['plus']}</arg>
<arg>${6}</arg>
<doc>Fails if the given objects are unequal.</doc>
<status status="PASS" start="2025-01-31T21:43:48.403849" elapsed="0.000000"/>
</kw>
<kw name="Should Be Equal" owner="BuiltIn">
<arg>${json_resp['minus']}</arg>
<arg>${2}</arg>
<doc>Fails if the given objects are unequal.</doc>
<status status="PASS" start="2025-01-31T21:43:48.404851" elapsed="0.000996"/>
</kw>
<kw name="Should Be Equal" owner="BuiltIn">
<arg>${json_resp['multiply']}</arg>
<arg>${8}</arg>
<doc>Fails if the given objects are unequal.</doc>
<status status="PASS" start="2025-01-31T21:43:48.405847" elapsed="0.000000"/>
</kw>
<kw name="Should Be Equal" owner="BuiltIn">
<msg time="2025-01-31T21:43:48.407214" level="INFO">Argument types are:
&lt;class 'float'&gt;
&lt;class 'int'&gt;</msg>
<arg>${json_resp['divide']}</arg>
<arg>${2}</arg>
<doc>Fails if the given objects are unequal.</doc>
<status status="PASS" start="2025-01-31T21:43:48.407214" elapsed="0.000000"/>
</kw>
<status status="PASS" start="2025-01-31T21:43:48.391061" elapsed="0.017147"/>
</test>
<test id="s1-t4" name="Test Calculate Numbers 8.4 and 4" line="82">
<kw name="Get Calculation JSON">
<kw name="GET" owner="RequestsLibrary">
<msg time="2025-01-31T21:43:48.415557" level="INFO">GET Request : url=http://127.0.0.1:5000/calculate/8.4/4 
 path_url=/calculate/8.4/4 
 headers={'User-Agent': 'python-requests/2.32.3', 'Accept-Encoding': 'gzip, deflate', 'Accept': '*/*', 'Connection': 'keep-alive'} 
 body=None 
 </msg>
<msg time="2025-01-31T21:43:48.415557" level="INFO">GET Response : url=http://127.0.0.1:5000/calculate/8.4/4 
 status=200, reason=OK 
 headers={'Server': 'Werkzeug/3.1.3 Python/3.11.5', 'Date': 'Fri, 31 Jan 2025 14:43:48 GMT', 'Content-Type': 'application/json', 'Content-Length': '55', 'Connection': 'close'} 
 body={"divide":2.1,"minus":4.4,"multiply":33.6,"plus":12.4}
 
 </msg>
<msg time="2025-01-31T21:43:48.417015" level="INFO">${resp} = &lt;Response [200]&gt;</msg>
<var>${resp}</var>
<arg>http://127.0.0.1:5000/calculate/${num1}/${num2}</arg>
<doc>Sends a GET request.</doc>
<status status="PASS" start="2025-01-31T21:43:48.409212" elapsed="0.007803"/>
</kw>
<kw name="Should Be Equal" owner="BuiltIn">
<arg>${resp.status_code}</arg>
<arg>${200}</arg>
<doc>Fails if the given objects are unequal.</doc>
<status status="PASS" start="2025-01-31T21:43:48.417015" elapsed="0.001011"/>
</kw>
<return>
<value>${resp.json()}</value>
<status status="PASS" start="2025-01-31T21:43:48.418026" elapsed="0.000000"/>
</return>
<msg time="2025-01-31T21:43:48.418026" level="INFO">${json_resp} = {'divide': 2.1, 'minus': 4.4, 'multiply': 33.6, 'plus': 12.4}</msg>
<var>${json_resp}</var>
<arg>${8.4}</arg>
<arg>${4}</arg>
<status status="PASS" start="2025-01-31T21:43:48.409212" elapsed="0.008814"/>
</kw>
<kw name="Should Be Equal" owner="BuiltIn">
<arg>${json_resp['plus']}</arg>
<arg>${12.4}</arg>
<doc>Fails if the given objects are unequal.</doc>
<status status="PASS" start="2025-01-31T21:43:48.418026" elapsed="0.000998"/>
</kw>
<kw name="Should Be Equal" owner="BuiltIn">
<arg>${json_resp['minus']}</arg>
<arg>${4.4}</arg>
<doc>Fails if the given objects are unequal.</doc>
<status status="PASS" start="2025-01-31T21:43:48.419024" elapsed="0.001003"/>
</kw>
<kw name="Should Be Equal" owner="BuiltIn">
<arg>${json_resp['multiply']}</arg>
<arg>${33.6}</arg>
<doc>Fails if the given objects are unequal.</doc>
<status status="PASS" start="2025-01-31T21:43:48.420027" elapsed="0.001009"/>
</kw>
<kw name="Should Be Equal" owner="BuiltIn">
<arg>${json_resp['divide']}</arg>
<arg>${2.1}</arg>
<doc>Fails if the given objects are unequal.</doc>
<status status="PASS" start="2025-01-31T21:43:48.421036" elapsed="0.000996"/>
</kw>
<status status="PASS" start="2025-01-31T21:43:48.408208" elapsed="0.014332"/>
</test>
<test id="s1-t5" name="Test Input String" line="98">
<kw name="Get Calculation JSON">
<kw name="GET" owner="RequestsLibrary">
<msg time="2025-01-31T21:43:48.428105" level="INFO">GET Request : url=http://127.0.0.1:5000/calculate/eight/4 
 path_url=/calculate/eight/4 
 headers={'User-Agent': 'python-requests/2.32.3', 'Accept-Encoding': 'gzip, deflate', 'Accept': '*/*', 'Connection': 'keep-alive'} 
 body=None 
 </msg>
<msg time="2025-01-31T21:43:48.428105" level="INFO">GET Response : url=http://127.0.0.1:5000/calculate/eight/4 
 status=200, reason=OK 
 headers={'Server': 'Werkzeug/3.1.3 Python/3.11.5', 'Date': 'Fri, 31 Jan 2025 14:43:48 GMT', 'Content-Type': 'application/json', 'Content-Length': '39', 'Connection': 'close'} 
 body={"error_msg":"inputs must be numbers"}
 
 </msg>
<msg time="2025-01-31T21:43:48.428105" level="INFO">${resp} = &lt;Response [200]&gt;</msg>
<var>${resp}</var>
<arg>http://127.0.0.1:5000/calculate/${num1}/${num2}</arg>
<doc>Sends a GET request.</doc>
<status status="PASS" start="2025-01-31T21:43:48.423554" elapsed="0.004551"/>
</kw>
<kw name="Should Be Equal" owner="BuiltIn">
<arg>${resp.status_code}</arg>
<arg>${200}</arg>
<doc>Fails if the given objects are unequal.</doc>
<status status="PASS" start="2025-01-31T21:43:48.428105" elapsed="0.001034"/>
</kw>
<return>
<value>${resp.json()}</value>
<status status="PASS" start="2025-01-31T21:43:48.429139" elapsed="0.000000"/>
</return>
<msg time="2025-01-31T21:43:48.429139" level="INFO">${json_resp} = {'error_msg': 'inputs must be numbers'}</msg>
<var>${json_resp}</var>
<arg>eight</arg>
<arg>4</arg>
<status status="PASS" start="2025-01-31T21:43:48.423554" elapsed="0.005585"/>
</kw>
<kw name="Should Be Equal" owner="BuiltIn">
<arg>${json_resp['error_msg']}</arg>
<arg>inputs must be numbers</arg>
<doc>Fails if the given objects are unequal.</doc>
<status status="PASS" start="2025-01-31T21:43:48.429139" elapsed="0.001126"/>
</kw>
<status status="PASS" start="2025-01-31T21:43:48.422540" elapsed="0.007725"/>
</test>
<status status="PASS" start="2025-01-31T21:43:47.940588" elapsed="0.490773"/>
</suite>
<statistics>
<total>
<stat pass="5" fail="0" skip="0">All Tests</stat>
</total>
<tag>
</tag>
<suite>
<stat name="Test-Calculate" id="s1" pass="5" fail="0" skip="0">Test-Calculate</stat>
</suite>
</statistics>
<errors>
</errors>
</robot>
